Running: fuse.exe -relaunch -intstyle "ise" -incremental -o "D:/GIT/Pracs_Microprocesadores/VHDL/UART/tb_uart_isim_beh.exe" -prj "D:/GIT/Pracs_Microprocesadores/VHDL/UART/tb_uart_beh.prj" "work.tb_uart" 
ISim P.20131013 (signature 0x7708f090)
Number of CPUs detected in this system: 4
Turning on mult-threading, number of parallel sub-compilation jobs: 8 
Determining compilation order of HDL files
Parsing VHDL file "D:/GIT/Pracs_Microprocesadores/VHDL/UART/UART_TX.vhd" into library work
Parsing VHDL file "D:/GIT/Pracs_Microprocesadores/VHDL/UART/tb_uart.vhd" into library work
Starting static elaboration
Completed static elaboration
Compiling package standard
Compiling package std_logic_1164
Compiling package numeric_std
Compiling architecture behavioral of entity UART_TX [uart_tx_default]
Compiling architecture behavior of entity tb_uart
Time Resolution for simulation is 1ps.
Waiting for 1 sub-compilation(s) to finish...
Compiled 6 VHDL Units
Built simulation executable D:/GIT/Pracs_Microprocesadores/VHDL/UART/tb_uart_isim_beh.exe
Fuse Memory Usage: 35384 KB
Fuse CPU Usage: 561 ms
